[INFO] [2018-06-11 15:33:34][org.springframework.beans.factory.xml.XmlBeanDefinitionReader]Loading XML bean definitions from class path resource [spring-mybatis.xml]
[INFO] [2018-06-11 15:33:35][org.springframework.context.support.GenericApplicationContext]Refreshing org.springframework.context.support.GenericApplicationContext@2b52833d: startup date [Mon Jun 11 15:33:35 CST 2018]; root of context hierarchy
[INFO] [2018-06-11 15:33:35][org.springframework.beans.factory.config.PropertyPlaceholderConfigurer]Loading properties file from class path resource [jdbc.properties]
[INFO] [2018-06-11 15:33:35][org.springframework.beans.factory.annotation.AutowiredAnnotationBeanPostProcessor]JSR-330 'javax.inject.Inject' annotation found and supported for autowiring
[ERROR] [2018-06-11 15:33:35][org.springframework.test.context.TestContextManager]Caught exception while allowing TestExecutionListener [org.springframework.test.context.support.DependencyInjectionTestExecutionListener@56ce4b40] to prepare test instance [com.paic.ai.service.serviceImpl.IAIUserServiceImplTest@1ae8346]
org.springframework.beans.factory.BeanCreationException: Error creating bean with name 'com.paic.ai.service.serviceImpl.IAIUserServiceImplTest': Injection of autowired dependencies failed; nested exception is org.springframework.beans.factory.BeanCreationException: Could not autowire field: private com.paic.ai.service.IAIUserService com.paic.ai.service.serviceImpl.IAIUserServiceImplTest.IAIUserService; nested exception is org.springframework.beans.factory.NoSuchBeanDefinitionException: No qualifying bean of type [com.paic.ai.service.IAIUserService] found for dependency: expected at least 1 bean which qualifies as autowire candidate for this dependency. Dependency annotations: {@org.springframework.beans.factory.annotation.Autowired(required=true)}
	at org.springframework.beans.factory.annotation.AutowiredAnnotationBeanPostProcessor.postProcessPropertyValues(AutowiredAnnotationBeanPostProcessor.java:292)
	at org.springframework.beans.factory.support.AbstractAutowireCapableBeanFactory.populateBean(AbstractAutowireCapableBeanFactory.java:1185)
	at org.springframework.beans.factory.support.AbstractAutowireCapableBeanFactory.autowireBeanProperties(AbstractAutowireCapableBeanFactory.java:384)
	at org.springframework.test.context.support.DependencyInjectionTestExecutionListener.injectDependencies(DependencyInjectionTestExecutionListener.java:110)
	at org.springframework.test.context.support.DependencyInjectionTestExecutionListener.prepareTestInstance(DependencyInjectionTestExecutionListener.java:75)
	at org.springframework.test.context.TestContextManager.prepareTestInstance(TestContextManager.java:319)
	at org.springframework.test.context.junit4.SpringJUnit4ClassRunner.createTest(SpringJUnit4ClassRunner.java:212)
	at org.springframework.test.context.junit4.SpringJUnit4ClassRunner$1.runReflectiveCall(SpringJUnit4ClassRunner.java:289)
	at org.junit.internal.runners.model.ReflectiveCallable.run(ReflectiveCallable.java:12)
	at org.springframework.test.context.junit4.SpringJUnit4ClassRunner.methodBlock(SpringJUnit4ClassRunner.java:291)
	at org.springframework.test.context.junit4.SpringJUnit4ClassRunner.runChild(SpringJUnit4ClassRunner.java:232)
	at org.springframework.test.context.junit4.SpringJUnit4ClassRunner.runChild(SpringJUnit4ClassRunner.java:89)
	at org.junit.runners.ParentRunner$3.run(ParentRunner.java:238)
	at org.junit.runners.ParentRunner$1.schedule(ParentRunner.java:63)
	at org.junit.runners.ParentRunner.runChildren(ParentRunner.java:236)
	at org.junit.runners.ParentRunner.access$000(ParentRunner.java:53)
	at org.junit.runners.ParentRunner$2.evaluate(ParentRunner.java:229)
	at org.springframework.test.context.junit4.statements.RunBeforeTestClassCallbacks.evaluate(RunBeforeTestClassCallbacks.java:61)
	at org.springframework.test.context.junit4.statements.RunAfterTestClassCallbacks.evaluate(RunAfterTestClassCallbacks.java:71)
	at org.junit.runners.ParentRunner.run(ParentRunner.java:309)
	at org.springframework.test.context.junit4.SpringJUnit4ClassRunner.run(SpringJUnit4ClassRunner.java:175)
	at org.eclipse.jdt.internal.junit4.runner.JUnit4TestReference.run(JUnit4TestReference.java:50)
	at org.eclipse.jdt.internal.junit.runner.TestExecution.run(TestExecution.java:38)
	at org.eclipse.jdt.internal.junit.runner.RemoteTestRunner.runTests(RemoteTestRunner.java:459)
	at org.eclipse.jdt.internal.junit.runner.RemoteTestRunner.runTests(RemoteTestRunner.java:675)
	at org.eclipse.jdt.internal.junit.runner.RemoteTestRunner.run(RemoteTestRunner.java:382)
	at org.eclipse.jdt.internal.junit.runner.RemoteTestRunner.main(RemoteTestRunner.java:192)
Caused by: org.springframework.beans.factory.BeanCreationException: Could not autowire field: private com.paic.ai.service.IAIUserService com.paic.ai.service.serviceImpl.IAIUserServiceImplTest.IAIUserService; nested exception is org.springframework.beans.factory.NoSuchBeanDefinitionException: No qualifying bean of type [com.paic.ai.service.IAIUserService] found for dependency: expected at least 1 bean which qualifies as autowire candidate for this dependency. Dependency annotations: {@org.springframework.beans.factory.annotation.Autowired(required=true)}
	at org.springframework.beans.factory.annotation.AutowiredAnnotationBeanPostProcessor$AutowiredFieldElement.inject(AutowiredAnnotationBeanPostProcessor.java:508)
	at org.springframework.beans.factory.annotation.InjectionMetadata.inject(InjectionMetadata.java:87)
	at org.springframework.beans.factory.annotation.AutowiredAnnotationBeanPostProcessor.postProcessPropertyValues(AutowiredAnnotationBeanPostProcessor.java:289)
	... 26 more
Caused by: org.springframework.beans.factory.NoSuchBeanDefinitionException: No qualifying bean of type [com.paic.ai.service.IAIUserService] found for dependency: expected at least 1 bean which qualifies as autowire candidate for this dependency. Dependency annotations: {@org.springframework.beans.factory.annotation.Autowired(required=true)}
	at org.springframework.beans.factory.support.DefaultListableBeanFactory.raiseNoSuchBeanDefinitionException(DefaultListableBeanFactory.java:1100)
	at org.springframework.beans.factory.support.DefaultListableBeanFactory.doResolveDependency(DefaultListableBeanFactory.java:960)
	at org.springframework.beans.factory.support.DefaultListableBeanFactory.resolveDependency(DefaultListableBeanFactory.java:855)
	at org.springframework.beans.factory.annotation.AutowiredAnnotationBeanPostProcessor$AutowiredFieldElement.inject(AutowiredAnnotationBeanPostProcessor.java:480)
	... 28 more
[INFO] [2018-06-11 15:33:35][org.springframework.context.support.GenericApplicationContext]Closing org.springframework.context.support.GenericApplicationContext@2b52833d: startup date [Mon Jun 11 15:33:35 CST 2018]; root of context hierarchy
[INFO] [2018-06-11 15:38:20][org.springframework.beans.factory.xml.XmlBeanDefinitionReader]Loading XML bean definitions from class path resource [spring-mybatis.xml]
[INFO] [2018-06-11 15:38:20][org.springframework.context.support.GenericApplicationContext]Refreshing org.springframework.context.support.GenericApplicationContext@14874647: startup date [Mon Jun 11 15:38:20 CST 2018]; root of context hierarchy
[INFO] [2018-06-11 15:38:20][org.springframework.beans.factory.config.PropertyPlaceholderConfigurer]Loading properties file from class path resource [jdbc.properties]
[INFO] [2018-06-11 15:38:20][org.springframework.beans.factory.annotation.AutowiredAnnotationBeanPostProcessor]JSR-330 'javax.inject.Inject' annotation found and supported for autowiring
[INFO] [2018-06-11 15:38:21][com.paic.ai.service.serviceImpl.IAIUserServiceImplTest]{"age":24,"id":1,"password":"1234","userName":"小张"}
[INFO] [2018-06-11 15:38:21][org.springframework.context.support.GenericApplicationContext]Closing org.springframework.context.support.GenericApplicationContext@14874647: startup date [Mon Jun 11 15:38:20 CST 2018]; root of context hierarchy
[INFO] [2018-06-21 17:11:17][org.springframework.beans.factory.xml.XmlBeanDefinitionReader]Loading XML bean definitions from class path resource [spring-mybatis.xml]
[INFO] [2018-06-21 17:11:17][org.springframework.context.support.GenericApplicationContext]Refreshing org.springframework.context.support.GenericApplicationContext@7a75479a: startup date [Thu Jun 21 17:11:17 CST 2018]; root of context hierarchy
[INFO] [2018-06-21 17:11:18][org.springframework.beans.factory.config.PropertyPlaceholderConfigurer]Loading properties file from class path resource [jdbc.properties]
[INFO] [2018-06-21 17:11:18][org.springframework.beans.factory.annotation.AutowiredAnnotationBeanPostProcessor]JSR-330 'javax.inject.Inject' annotation found and supported for autowiring
[INFO] [2018-06-21 17:11:20][org.springframework.context.support.GenericApplicationContext]Closing org.springframework.context.support.GenericApplicationContext@7a75479a: startup date [Thu Jun 21 17:11:17 CST 2018]; root of context hierarchy
[INFO] [2018-06-21 17:11:48][org.springframework.beans.factory.xml.XmlBeanDefinitionReader]Loading XML bean definitions from class path resource [spring-mybatis.xml]
[INFO] [2018-06-21 17:11:49][org.springframework.context.support.GenericApplicationContext]Refreshing org.springframework.context.support.GenericApplicationContext@6522d847: startup date [Thu Jun 21 17:11:49 CST 2018]; root of context hierarchy
[INFO] [2018-06-21 17:11:49][org.springframework.beans.factory.config.PropertyPlaceholderConfigurer]Loading properties file from class path resource [jdbc.properties]
[INFO] [2018-06-21 17:11:49][org.springframework.beans.factory.annotation.AutowiredAnnotationBeanPostProcessor]JSR-330 'javax.inject.Inject' annotation found and supported for autowiring
[INFO] [2018-06-21 17:11:51][com.paic.ai.service.serviceImpl.IAIUserServiceImplTest][{"age":24,"id":1,"password":"1234","userName":"小张"}]
[INFO] [2018-06-21 17:11:51][org.springframework.context.support.GenericApplicationContext]Closing org.springframework.context.support.GenericApplicationContext@6522d847: startup date [Thu Jun 21 17:11:49 CST 2018]; root of context hierarchy
[INFO] [2018-06-21 17:20:49][org.springframework.beans.factory.xml.XmlBeanDefinitionReader]Loading XML bean definitions from class path resource [spring-mvc.xml]
[INFO] [2018-06-21 17:20:50][org.springframework.beans.factory.xml.XmlBeanDefinitionReader]Loading XML bean definitions from class path resource [spring-mybatis.xml]
[INFO] [2018-06-21 17:20:50][org.springframework.context.support.GenericApplicationContext]Refreshing org.springframework.context.support.GenericApplicationContext@15e6356d: startup date [Thu Jun 21 17:20:50 CST 2018]; root of context hierarchy
[INFO] [2018-06-21 17:20:51][org.springframework.beans.factory.config.PropertyPlaceholderConfigurer]Loading properties file from class path resource [jdbc.properties]
[INFO] [2018-06-21 17:20:51][org.springframework.beans.factory.annotation.AutowiredAnnotationBeanPostProcessor]JSR-330 'javax.inject.Inject' annotation found and supported for autowiring
[INFO] [2018-06-21 17:20:52][org.springframework.web.servlet.mvc.method.annotation.RequestMappingHandlerMapping]Mapped "{[/main/getUserList],methods=[],params=[],headers=[],consumes=[],produces=[],custom=[]}" onto public com.paic.ai.dto.ResponseResult<com.paic.ai.dto.AiUser> com.paic.ai.controller.LoginController.getUserList(javax.servlet.http.HttpServletRequest,com.paic.ai.dto.AiUser)
[INFO] [2018-06-21 17:20:52][org.springframework.web.servlet.mvc.method.annotation.RequestMappingHandlerMapping]Mapped "{[/main/checkCode],methods=[],params=[],headers=[],consumes=[],produces=[],custom=[]}" onto public void com.paic.ai.controller.LoginController.createCheckCode(javax.servlet.http.HttpServletRequest,javax.servlet.http.HttpServletResponse) throws java.io.IOException
[INFO] [2018-06-21 17:20:52][org.springframework.web.servlet.mvc.method.annotation.RequestMappingHandlerMapping]Mapped "{[/main/validateLogin],methods=[],params=[],headers=[],consumes=[],produces=[],custom=[]}" onto public void com.paic.ai.controller.LoginController.validateLogin(javax.servlet.http.HttpServletRequest,javax.servlet.http.HttpServletResponse) throws javax.xml.rpc.ServiceException
[INFO] [2018-06-21 17:20:52][org.springframework.web.servlet.mvc.method.annotation.RequestMappingHandlerMapping]Mapped "{[/main/successLogin],methods=[],params=[],headers=[],consumes=[],produces=[],custom=[]}" onto public org.springframework.web.servlet.ModelAndView com.paic.ai.controller.LoginController.login(javax.servlet.http.HttpServletRequest,org.springframework.web.servlet.ModelAndView)
[ERROR] [2018-06-21 17:20:52][org.springframework.test.context.TestContextManager]Caught exception while allowing TestExecutionListener [org.springframework.test.context.support.DependencyInjectionTestExecutionListener@3cb2ce82] to prepare test instance [com.paic.ai.controller.LoginControllerTest@7f13d7ef]
java.lang.IllegalStateException: Failed to load ApplicationContext
	at org.springframework.test.context.CacheAwareContextLoaderDelegate.loadContext(CacheAwareContextLoaderDelegate.java:99)
	at org.springframework.test.context.DefaultTestContext.getApplicationContext(DefaultTestContext.java:101)
	at org.springframework.test.context.support.DependencyInjectionTestExecutionListener.injectDependencies(DependencyInjectionTestExecutionListener.java:109)
	at org.springframework.test.context.support.DependencyInjectionTestExecutionListener.prepareTestInstance(DependencyInjectionTestExecutionListener.java:75)
	at org.springframework.test.context.TestContextManager.prepareTestInstance(TestContextManager.java:319)
	at org.springframework.test.context.junit4.SpringJUnit4ClassRunner.createTest(SpringJUnit4ClassRunner.java:212)
	at org.springframework.test.context.junit4.SpringJUnit4ClassRunner$1.runReflectiveCall(SpringJUnit4ClassRunner.java:289)
	at org.junit.internal.runners.model.ReflectiveCallable.run(ReflectiveCallable.java:12)
	at org.springframework.test.context.junit4.SpringJUnit4ClassRunner.methodBlock(SpringJUnit4ClassRunner.java:291)
	at org.springframework.test.context.junit4.SpringJUnit4ClassRunner.runChild(SpringJUnit4ClassRunner.java:232)
	at org.springframework.test.context.junit4.SpringJUnit4ClassRunner.runChild(SpringJUnit4ClassRunner.java:89)
	at org.junit.runners.ParentRunner$3.run(ParentRunner.java:238)
	at org.junit.runners.ParentRunner$1.schedule(ParentRunner.java:63)
	at org.junit.runners.ParentRunner.runChildren(ParentRunner.java:236)
	at org.junit.runners.ParentRunner.access$000(ParentRunner.java:53)
	at org.junit.runners.ParentRunner$2.evaluate(ParentRunner.java:229)
	at org.springframework.test.context.junit4.statements.RunBeforeTestClassCallbacks.evaluate(RunBeforeTestClassCallbacks.java:61)
	at org.springframework.test.context.junit4.statements.RunAfterTestClassCallbacks.evaluate(RunAfterTestClassCallbacks.java:71)
	at org.junit.runners.ParentRunner.run(ParentRunner.java:309)
	at org.springframework.test.context.junit4.SpringJUnit4ClassRunner.run(SpringJUnit4ClassRunner.java:175)
	at org.eclipse.jdt.internal.junit4.runner.JUnit4TestReference.run(JUnit4TestReference.java:50)
	at org.eclipse.jdt.internal.junit.runner.TestExecution.run(TestExecution.java:38)
	at org.eclipse.jdt.internal.junit.runner.RemoteTestRunner.runTests(RemoteTestRunner.java:459)
	at org.eclipse.jdt.internal.junit.runner.RemoteTestRunner.runTests(RemoteTestRunner.java:675)
	at org.eclipse.jdt.internal.junit.runner.RemoteTestRunner.run(RemoteTestRunner.java:382)
	at org.eclipse.jdt.internal.junit.runner.RemoteTestRunner.main(RemoteTestRunner.java:192)
Caused by: org.springframework.beans.factory.BeanCreationException: Error creating bean with name 'org.springframework.web.servlet.mvc.method.annotation.RequestMappingHandlerMapping#0': Initialization of bean failed; nested exception is java.lang.NoSuchMethodError: java.lang.reflect.Type.getTypeName()Ljava/lang/String;
	at org.springframework.beans.factory.support.AbstractAutowireCapableBeanFactory.doCreateBean(AbstractAutowireCapableBeanFactory.java:547)
	at org.springframework.beans.factory.support.AbstractAutowireCapableBeanFactory.createBean(AbstractAutowireCapableBeanFactory.java:475)
	at org.springframework.beans.factory.support.AbstractBeanFactory$1.getObject(AbstractBeanFactory.java:304)
	at org.springframework.beans.factory.support.DefaultSingletonBeanRegistry.getSingleton(DefaultSingletonBeanRegistry.java:228)
	at org.springframework.beans.factory.support.AbstractBeanFactory.doGetBean(AbstractBeanFactory.java:300)
	at org.springframework.beans.factory.support.AbstractBeanFactory.getBean(AbstractBeanFactory.java:195)
	at org.springframework.beans.factory.support.DefaultListableBeanFactory.preInstantiateSingletons(DefaultListableBeanFactory.java:700)
	at org.springframework.context.support.AbstractApplicationContext.finishBeanFactoryInitialization(AbstractApplicationContext.java:760)
	at org.springframework.context.support.AbstractApplicationContext.refresh(AbstractApplicationContext.java:482)
	at org.springframework.test.context.support.AbstractGenericContextLoader.loadContext(AbstractGenericContextLoader.java:121)
	at org.springframework.test.context.support.AbstractGenericContextLoader.loadContext(AbstractGenericContextLoader.java:60)
	at org.springframework.test.context.support.AbstractDelegatingSmartContextLoader.delegateLoading(AbstractDelegatingSmartContextLoader.java:100)
	at org.springframework.test.context.support.AbstractDelegatingSmartContextLoader.loadContext(AbstractDelegatingSmartContextLoader.java:250)
	at org.springframework.test.context.CacheAwareContextLoaderDelegate.loadContextInternal(CacheAwareContextLoaderDelegate.java:64)
	at org.springframework.test.context.CacheAwareContextLoaderDelegate.loadContext(CacheAwareContextLoaderDelegate.java:91)
	... 25 more
Caused by: java.lang.NoSuchMethodError: java.lang.reflect.Type.getTypeName()Ljava/lang/String;
	at org.aspectj.weaver.reflect.JavaLangTypeToResolvedTypeConverter.fromType(JavaLangTypeToResolvedTypeConverter.java:71)
	at org.aspectj.weaver.reflect.JavaLangTypeToResolvedTypeConverter.fromTypes(JavaLangTypeToResolvedTypeConverter.java:119)
	at org.aspectj.weaver.reflect.JavaLangTypeToResolvedTypeConverter.fromType(JavaLangTypeToResolvedTypeConverter.java:73)
	at org.aspectj.weaver.reflect.JavaLangTypeToResolvedTypeConverter.fromTypes(JavaLangTypeToResolvedTypeConverter.java:119)
	at org.aspectj.weaver.reflect.Java15GenericSignatureInformationProvider.getGenericParameterTypes(Java15GenericSignatureInformationProvider.java:48)
	at org.aspectj.weaver.reflect.ReflectionBasedResolvedMemberImpl.getGenericParameterTypes(ReflectionBasedResolvedMemberImpl.java:112)
	at org.aspectj.weaver.ResolvedMemberImpl.parameterizedWith(ResolvedMemberImpl.java:791)
	at org.aspectj.weaver.ResolvedMemberImpl.parameterizedWith(ResolvedMemberImpl.java:742)
	at org.aspectj.weaver.ReferenceType.getDeclaredMethods(ReferenceType.java:859)
	at org.aspectj.weaver.ResolvedType$MethodGetterIncludingItds.get(ResolvedType.java:252)
	at org.aspectj.weaver.ResolvedType$MethodGetterIncludingItds.get(ResolvedType.java:250)
	at org.aspectj.weaver.Iterators$4$1.hasNext(Iterators.java:213)
	at org.aspectj.weaver.Iterators$6.hasNext(Iterators.java:288)
	at org.aspectj.weaver.Iterators$4.hasNext(Iterators.java:230)
	at org.aspectj.weaver.ResolvedType.lookupResolvedMember(ResolvedType.java:619)
	at org.aspectj.weaver.JoinPointSignatureIterator.findSignaturesFromSupertypes(JoinPointSignatureIterator.java:192)
	at org.aspectj.weaver.JoinPointSignatureIterator.findSignaturesFromSupertypes(JoinPointSignatureIterator.java:229)
	at org.aspectj.weaver.JoinPointSignatureIterator.hasNext(JoinPointSignatureIterator.java:68)
	at org.aspectj.weaver.patterns.SignaturePattern.matches(SignaturePattern.java:317)
	at org.aspectj.weaver.patterns.KindedPointcut.matchInternal(KindedPointcut.java:197)
	at org.aspectj.weaver.patterns.Pointcut.match(Pointcut.java:137)
	at org.aspectj.weaver.internal.tools.PointcutExpressionImpl.getShadowMatch(PointcutExpressionImpl.java:319)
	at org.aspectj.weaver.internal.tools.PointcutExpressionImpl.matchesExecution(PointcutExpressionImpl.java:129)
	at org.aspectj.weaver.internal.tools.PointcutExpressionImpl.matchesMethodExecution(PointcutExpressionImpl.java:110)
	at org.springframework.aop.aspectj.AspectJExpressionPointcut.getShadowMatch(AspectJExpressionPointcut.java:404)
	at org.springframework.aop.aspectj.AspectJExpressionPointcut.matches(AspectJExpressionPointcut.java:278)
	at org.springframework.aop.support.AopUtils.canApply(AopUtils.java:224)
	at org.springframework.aop.support.AopUtils.canApply(AopUtils.java:262)
	at org.springframework.aop.support.AopUtils.findAdvisorsThatCanApply(AopUtils.java:294)
	at org.springframework.aop.framework.autoproxy.AbstractAdvisorAutoProxyCreator.findAdvisorsThatCanApply(AbstractAdvisorAutoProxyCreator.java:118)
	at org.springframework.aop.framework.autoproxy.AbstractAdvisorAutoProxyCreator.findEligibleAdvisors(AbstractAdvisorAutoProxyCreator.java:88)
	at org.springframework.aop.framework.autoproxy.AbstractAdvisorAutoProxyCreator.getAdvicesAndAdvisorsForBean(AbstractAdvisorAutoProxyCreator.java:69)
	at org.springframework.aop.framework.autoproxy.AbstractAutoProxyCreator.wrapIfNecessary(AbstractAutoProxyCreator.java:376)
	at org.springframework.aop.framework.autoproxy.AbstractAutoProxyCreator.postProcessAfterInitialization(AbstractAutoProxyCreator.java:339)
	at org.springframework.beans.factory.support.AbstractAutowireCapableBeanFactory.applyBeanPostProcessorsAfterInitialization(AbstractAutowireCapableBeanFactory.java:421)
	at org.springframework.beans.factory.support.AbstractAutowireCapableBeanFactory.initializeBean(AbstractAutowireCapableBeanFactory.java:1558)
	at org.springframework.beans.factory.support.AbstractAutowireCapableBeanFactory.doCreateBean(AbstractAutowireCapableBeanFactory.java:539)
	... 39 more
[INFO] [2018-06-21 17:39:15][org.springframework.beans.factory.xml.XmlBeanDefinitionReader]Loading XML bean definitions from class path resource [spring-mvc.xml]
[INFO] [2018-06-21 17:39:15][org.springframework.beans.factory.xml.XmlBeanDefinitionReader]Loading XML bean definitions from class path resource [spring-mybatis.xml]
[INFO] [2018-06-21 17:39:16][org.springframework.web.context.support.GenericWebApplicationContext]Refreshing org.springframework.web.context.support.GenericWebApplicationContext@791fdc64: startup date [Thu Jun 21 17:39:16 CST 2018]; root of context hierarchy
[INFO] [2018-06-21 17:39:16][org.springframework.beans.factory.config.PropertyPlaceholderConfigurer]Loading properties file from class path resource [jdbc.properties]
[INFO] [2018-06-21 17:39:16][org.springframework.beans.factory.annotation.AutowiredAnnotationBeanPostProcessor]JSR-330 'javax.inject.Inject' annotation found and supported for autowiring
[INFO] [2018-06-21 17:39:17][org.springframework.web.servlet.mvc.method.annotation.RequestMappingHandlerMapping]Mapped "{[/main/successLogin],methods=[],params=[],headers=[],consumes=[],produces=[],custom=[]}" onto public org.springframework.web.servlet.ModelAndView com.paic.ai.controller.LoginController.login(javax.servlet.http.HttpServletRequest,org.springframework.web.servlet.ModelAndView)
[INFO] [2018-06-21 17:39:17][org.springframework.web.servlet.mvc.method.annotation.RequestMappingHandlerMapping]Mapped "{[/main/validateLogin],methods=[],params=[],headers=[],consumes=[],produces=[],custom=[]}" onto public void com.paic.ai.controller.LoginController.validateLogin(javax.servlet.http.HttpServletRequest,javax.servlet.http.HttpServletResponse) throws javax.xml.rpc.ServiceException
[INFO] [2018-06-21 17:39:17][org.springframework.web.servlet.mvc.method.annotation.RequestMappingHandlerMapping]Mapped "{[/main/getUserList],methods=[],params=[],headers=[],consumes=[],produces=[],custom=[]}" onto public com.paic.ai.dto.ResponseResult<com.paic.ai.dto.AiUser> com.paic.ai.controller.LoginController.getUserList(javax.servlet.http.HttpServletRequest,com.paic.ai.dto.AiUser)
[INFO] [2018-06-21 17:39:17][org.springframework.web.servlet.mvc.method.annotation.RequestMappingHandlerMapping]Mapped "{[/main/checkCode],methods=[],params=[],headers=[],consumes=[],produces=[],custom=[]}" onto public void com.paic.ai.controller.LoginController.createCheckCode(javax.servlet.http.HttpServletRequest,javax.servlet.http.HttpServletResponse) throws java.io.IOException
[ERROR] [2018-06-21 17:39:17][org.springframework.test.context.TestContextManager]Caught exception while allowing TestExecutionListener [org.springframework.test.context.web.ServletTestExecutionListener@57f19286] to prepare test instance [com.paic.ai.controller.LoginControllerTest@34cac885]
java.lang.IllegalStateException: Failed to load ApplicationContext
	at org.springframework.test.context.CacheAwareContextLoaderDelegate.loadContext(CacheAwareContextLoaderDelegate.java:99)
	at org.springframework.test.context.DefaultTestContext.getApplicationContext(DefaultTestContext.java:101)
	at org.springframework.test.context.web.ServletTestExecutionListener.setUpRequestContextIfNecessary(ServletTestExecutionListener.java:155)
	at org.springframework.test.context.web.ServletTestExecutionListener.prepareTestInstance(ServletTestExecutionListener.java:100)
	at org.springframework.test.context.TestContextManager.prepareTestInstance(TestContextManager.java:319)
	at org.springframework.test.context.junit4.SpringJUnit4ClassRunner.createTest(SpringJUnit4ClassRunner.java:212)
	at org.springframework.test.context.junit4.SpringJUnit4ClassRunner$1.runReflectiveCall(SpringJUnit4ClassRunner.java:289)
	at org.junit.internal.runners.model.ReflectiveCallable.run(ReflectiveCallable.java:12)
	at org.springframework.test.context.junit4.SpringJUnit4ClassRunner.methodBlock(SpringJUnit4ClassRunner.java:291)
	at org.springframework.test.context.junit4.SpringJUnit4ClassRunner.runChild(SpringJUnit4ClassRunner.java:232)
	at org.springframework.test.context.junit4.SpringJUnit4ClassRunner.runChild(SpringJUnit4ClassRunner.java:89)
	at org.junit.runners.ParentRunner$3.run(ParentRunner.java:238)
	at org.junit.runners.ParentRunner$1.schedule(ParentRunner.java:63)
	at org.junit.runners.ParentRunner.runChildren(ParentRunner.java:236)
	at org.junit.runners.ParentRunner.access$000(ParentRunner.java:53)
	at org.junit.runners.ParentRunner$2.evaluate(ParentRunner.java:229)
	at org.springframework.test.context.junit4.statements.RunBeforeTestClassCallbacks.evaluate(RunBeforeTestClassCallbacks.java:61)
	at org.springframework.test.context.junit4.statements.RunAfterTestClassCallbacks.evaluate(RunAfterTestClassCallbacks.java:71)
	at org.junit.runners.ParentRunner.run(ParentRunner.java:309)
	at org.springframework.test.context.junit4.SpringJUnit4ClassRunner.run(SpringJUnit4ClassRunner.java:175)
	at org.eclipse.jdt.internal.junit4.runner.JUnit4TestReference.run(JUnit4TestReference.java:50)
	at org.eclipse.jdt.internal.junit.runner.TestExecution.run(TestExecution.java:38)
	at org.eclipse.jdt.internal.junit.runner.RemoteTestRunner.runTests(RemoteTestRunner.java:459)
	at org.eclipse.jdt.internal.junit.runner.RemoteTestRunner.runTests(RemoteTestRunner.java:675)
	at org.eclipse.jdt.internal.junit.runner.RemoteTestRunner.run(RemoteTestRunner.java:382)
	at org.eclipse.jdt.internal.junit.runner.RemoteTestRunner.main(RemoteTestRunner.java:192)
Caused by: org.springframework.beans.factory.BeanCreationException: Error creating bean with name 'org.springframework.web.servlet.mvc.method.annotation.RequestMappingHandlerMapping#0': Initialization of bean failed; nested exception is java.lang.NoSuchMethodError: java.lang.reflect.Type.getTypeName()Ljava/lang/String;
	at org.springframework.beans.factory.support.AbstractAutowireCapableBeanFactory.doCreateBean(AbstractAutowireCapableBeanFactory.java:547)
	at org.springframework.beans.factory.support.AbstractAutowireCapableBeanFactory.createBean(AbstractAutowireCapableBeanFactory.java:475)
	at org.springframework.beans.factory.support.AbstractBeanFactory$1.getObject(AbstractBeanFactory.java:304)
	at org.springframework.beans.factory.support.DefaultSingletonBeanRegistry.getSingleton(DefaultSingletonBeanRegistry.java:228)
	at org.springframework.beans.factory.support.AbstractBeanFactory.doGetBean(AbstractBeanFactory.java:300)
	at org.springframework.beans.factory.support.AbstractBeanFactory.getBean(AbstractBeanFactory.java:195)
	at org.springframework.beans.factory.support.DefaultListableBeanFactory.preInstantiateSingletons(DefaultListableBeanFactory.java:700)
	at org.springframework.context.support.AbstractApplicationContext.finishBeanFactoryInitialization(AbstractApplicationContext.java:760)
	at org.springframework.context.support.AbstractApplicationContext.refresh(AbstractApplicationContext.java:482)
	at org.springframework.test.context.web.AbstractGenericWebContextLoader.loadContext(AbstractGenericWebContextLoader.java:129)
	at org.springframework.test.context.web.AbstractGenericWebContextLoader.loadContext(AbstractGenericWebContextLoader.java:60)
	at org.springframework.test.context.support.AbstractDelegatingSmartContextLoader.delegateLoading(AbstractDelegatingSmartContextLoader.java:100)
	at org.springframework.test.context.support.AbstractDelegatingSmartContextLoader.loadContext(AbstractDelegatingSmartContextLoader.java:250)
	at org.springframework.test.context.CacheAwareContextLoaderDelegate.loadContextInternal(CacheAwareContextLoaderDelegate.java:64)
	at org.springframework.test.context.CacheAwareContextLoaderDelegate.loadContext(CacheAwareContextLoaderDelegate.java:91)
	... 25 more
Caused by: java.lang.NoSuchMethodError: java.lang.reflect.Type.getTypeName()Ljava/lang/String;
	at org.aspectj.weaver.reflect.JavaLangTypeToResolvedTypeConverter.fromType(JavaLangTypeToResolvedTypeConverter.java:71)
	at org.aspectj.weaver.reflect.JavaLangTypeToResolvedTypeConverter.fromTypes(JavaLangTypeToResolvedTypeConverter.java:119)
	at org.aspectj.weaver.reflect.JavaLangTypeToResolvedTypeConverter.fromType(JavaLangTypeToResolvedTypeConverter.java:73)
	at org.aspectj.weaver.reflect.JavaLangTypeToResolvedTypeConverter.fromTypes(JavaLangTypeToResolvedTypeConverter.java:119)
	at org.aspectj.weaver.reflect.Java15GenericSignatureInformationProvider.getGenericParameterTypes(Java15GenericSignatureInformationProvider.java:48)
	at org.aspectj.weaver.reflect.ReflectionBasedResolvedMemberImpl.getGenericParameterTypes(ReflectionBasedResolvedMemberImpl.java:112)
	at org.aspectj.weaver.ResolvedMemberImpl.parameterizedWith(ResolvedMemberImpl.java:791)
	at org.aspectj.weaver.ResolvedMemberImpl.parameterizedWith(ResolvedMemberImpl.java:742)
	at org.aspectj.weaver.ReferenceType.getDeclaredMethods(ReferenceType.java:859)
	at org.aspectj.weaver.ResolvedType$MethodGetterIncludingItds.get(ResolvedType.java:252)
	at org.aspectj.weaver.ResolvedType$MethodGetterIncludingItds.get(ResolvedType.java:250)
	at org.aspectj.weaver.Iterators$4$1.hasNext(Iterators.java:213)
	at org.aspectj.weaver.Iterators$6.hasNext(Iterators.java:288)
	at org.aspectj.weaver.Iterators$4.hasNext(Iterators.java:230)
	at org.aspectj.weaver.ResolvedType.lookupResolvedMember(ResolvedType.java:619)
	at org.aspectj.weaver.JoinPointSignatureIterator.findSignaturesFromSupertypes(JoinPointSignatureIterator.java:192)
	at org.aspectj.weaver.JoinPointSignatureIterator.findSignaturesFromSupertypes(JoinPointSignatureIterator.java:229)
	at org.aspectj.weaver.JoinPointSignatureIterator.hasNext(JoinPointSignatureIterator.java:68)
	at org.aspectj.weaver.patterns.SignaturePattern.matches(SignaturePattern.java:317)
	at org.aspectj.weaver.patterns.KindedPointcut.matchInternal(KindedPointcut.java:197)
	at org.aspectj.weaver.patterns.Pointcut.match(Pointcut.java:137)
	at org.aspectj.weaver.internal.tools.PointcutExpressionImpl.getShadowMatch(PointcutExpressionImpl.java:319)
	at org.aspectj.weaver.internal.tools.PointcutExpressionImpl.matchesExecution(PointcutExpressionImpl.java:129)
	at org.aspectj.weaver.internal.tools.PointcutExpressionImpl.matchesMethodExecution(PointcutExpressionImpl.java:110)
	at org.springframework.aop.aspectj.AspectJExpressionPointcut.getShadowMatch(AspectJExpressionPointcut.java:404)
	at org.springframework.aop.aspectj.AspectJExpressionPointcut.matches(AspectJExpressionPointcut.java:278)
	at org.springframework.aop.support.AopUtils.canApply(AopUtils.java:224)
	at org.springframework.aop.support.AopUtils.canApply(AopUtils.java:262)
	at org.springframework.aop.support.AopUtils.findAdvisorsThatCanApply(AopUtils.java:294)
	at org.springframework.aop.framework.autoproxy.AbstractAdvisorAutoProxyCreator.findAdvisorsThatCanApply(AbstractAdvisorAutoProxyCreator.java:118)
	at org.springframework.aop.framework.autoproxy.AbstractAdvisorAutoProxyCreator.findEligibleAdvisors(AbstractAdvisorAutoProxyCreator.java:88)
	at org.springframework.aop.framework.autoproxy.AbstractAdvisorAutoProxyCreator.getAdvicesAndAdvisorsForBean(AbstractAdvisorAutoProxyCreator.java:69)
	at org.springframework.aop.framework.autoproxy.AbstractAutoProxyCreator.wrapIfNecessary(AbstractAutoProxyCreator.java:376)
	at org.springframework.aop.framework.autoproxy.AbstractAutoProxyCreator.postProcessAfterInitialization(AbstractAutoProxyCreator.java:339)
	at org.springframework.beans.factory.support.AbstractAutowireCapableBeanFactory.applyBeanPostProcessorsAfterInitialization(AbstractAutowireCapableBeanFactory.java:421)
	at org.springframework.beans.factory.support.AbstractAutowireCapableBeanFactory.initializeBean(AbstractAutowireCapableBeanFactory.java:1558)
	at org.springframework.beans.factory.support.AbstractAutowireCapableBeanFactory.doCreateBean(AbstractAutowireCapableBeanFactory.java:539)
	... 39 more
[INFO] [2018-06-25 11:35:03][org.springframework.context.support.ClassPathXmlApplicationContext]Refreshing org.springframework.context.support.ClassPathXmlApplicationContext@fb9ae95: startup date [Mon Jun 25 11:35:03 CST 2018]; root of context hierarchy
[INFO] [2018-06-25 11:35:03][org.springframework.beans.factory.xml.XmlBeanDefinitionReader]Loading XML bean definitions from class path resource [spring-mybatis.xml]
[INFO] [2018-06-25 11:35:04][org.springframework.beans.factory.xml.XmlBeanDefinitionReader]Loading XML bean definitions from class path resource [applicationContext-quartz.xml]
[INFO] [2018-06-25 11:35:05][org.springframework.beans.factory.config.PropertyPlaceholderConfigurer]Loading properties file from class path resource [jdbc.properties]
[INFO] [2018-06-25 11:35:05][org.springframework.beans.factory.annotation.AutowiredAnnotationBeanPostProcessor]JSR-330 'javax.inject.Inject' annotation found and supported for autowiring
[INFO] [2018-06-25 11:35:06][org.springframework.scheduling.quartz.SchedulerFactoryBean]Loading Quartz config from [class path resource [quartz.properties]]
[INFO] [2018-06-25 11:35:06][org.quartz.impl.StdSchedulerFactory]Using default implementation for ThreadExecutor
[INFO] [2018-06-25 11:35:06][org.quartz.simpl.SimpleThreadPool]Job execution threads will use class loader of thread: main
[INFO] [2018-06-25 11:35:06][org.quartz.core.SchedulerSignalerImpl]Initialized Scheduler Signaller of type: class org.quartz.core.SchedulerSignalerImpl
[INFO] [2018-06-25 11:35:06][org.quartz.core.QuartzScheduler]Quartz Scheduler v.2.2.3 created.
[INFO] [2018-06-25 11:35:07][org.springframework.scheduling.quartz.LocalDataSourceJobStore]Using db table-based data access locking (synchronization).
[INFO] [2018-06-25 11:35:07][org.springframework.scheduling.quartz.LocalDataSourceJobStore]JobStoreCMT initialized.
[INFO] [2018-06-25 11:35:07][org.quartz.core.QuartzScheduler]Scheduler meta-data: Quartz Scheduler (v2.2.3) 'quartzScheduler' with instanceId 'QH-20150523DLTU1529897706811'
  Scheduler class: 'org.quartz.core.QuartzScheduler' - running locally.
  NOT STARTED.
  Currently in standby mode.
  Number of jobs executed: 0
  Using thread pool 'org.quartz.simpl.SimpleThreadPool' - with 10 threads.
  Using job-store 'org.springframework.scheduling.quartz.LocalDataSourceJobStore' - which supports persistence. and is clustered.

[INFO] [2018-06-25 11:35:07][org.quartz.impl.StdSchedulerFactory]Quartz scheduler 'quartzScheduler' initialized from an externally provided properties instance.
[INFO] [2018-06-25 11:35:07][org.quartz.impl.StdSchedulerFactory]Quartz scheduler version: 2.2.3
[INFO] [2018-06-25 11:35:07][org.quartz.core.QuartzScheduler]JobFactory set to: org.springframework.scheduling.quartz.AdaptableJobFactory@a9f4306
[INFO] [2018-06-25 11:35:07][org.springframework.context.support.DefaultLifecycleProcessor]Starting beans in phase 2147483647
[INFO] [2018-06-25 11:35:07][org.springframework.scheduling.quartz.SchedulerFactoryBean]Starting Quartz Scheduler now
[INFO] [2018-06-25 11:35:07][org.quartz.core.QuartzScheduler]Scheduler quartzScheduler_$_QH-20150523DLTU1529897706811 started.
[INFO] [2018-06-25 11:35:10][com.paic.ai.service.serviceImpl.SimpleService]testJob1......1
[INFO] [2018-06-25 11:35:20][com.paic.ai.service.serviceImpl.SimpleService]testJob1......1
[INFO] [2018-06-25 11:35:30][com.paic.ai.service.serviceImpl.SimpleService]testJob1......1
[INFO] [2018-06-25 11:35:40][com.paic.ai.service.serviceImpl.SimpleService]testJob1......1
[INFO] [2018-06-25 11:35:50][com.paic.ai.service.serviceImpl.SimpleService]testJob1......1
[INFO] [2018-06-26 14:10:27][com.paic.ai.utils.ConfigUtil]127.0.0.1
[INFO] [2018-06-26 17:09:34][org.springframework.beans.factory.xml.XmlBeanDefinitionReader]Loading XML bean definitions from class path resource [spring-mybatis.xml]
[INFO] [2018-06-26 17:09:36][org.springframework.context.support.GenericApplicationContext]Refreshing org.springframework.context.support.GenericApplicationContext@753ac592: startup date [Tue Jun 26 17:09:36 CST 2018]; root of context hierarchy
[INFO] [2018-06-26 17:09:36][org.springframework.beans.factory.config.PropertyPlaceholderConfigurer]Loading properties file from class path resource [jdbc.properties]
[INFO] [2018-06-26 17:09:36][org.springframework.beans.factory.annotation.AutowiredAnnotationBeanPostProcessor]JSR-330 'javax.inject.Inject' annotation found and supported for autowiring
[ERROR] [2018-06-26 17:09:37][org.springframework.test.context.TestContextManager]Caught exception while allowing TestExecutionListener [org.springframework.test.context.support.DependencyInjectionTestExecutionListener@49a51bb9] to prepare test instance [com.paic.ai.service.serviceImpl.IAIUserServiceImplTest@76bf3474]
java.lang.IllegalStateException: Failed to load ApplicationContext
	at org.springframework.test.context.CacheAwareContextLoaderDelegate.loadContext(CacheAwareContextLoaderDelegate.java:99)
	at org.springframework.test.context.DefaultTestContext.getApplicationContext(DefaultTestContext.java:101)
	at org.springframework.test.context.support.DependencyInjectionTestExecutionListener.injectDependencies(DependencyInjectionTestExecutionListener.java:109)
	at org.springframework.test.context.support.DependencyInjectionTestExecutionListener.prepareTestInstance(DependencyInjectionTestExecutionListener.java:75)
	at org.springframework.test.context.TestContextManager.prepareTestInstance(TestContextManager.java:319)
	at org.springframework.test.context.junit4.SpringJUnit4ClassRunner.createTest(SpringJUnit4ClassRunner.java:212)
	at org.springframework.test.context.junit4.SpringJUnit4ClassRunner$1.runReflectiveCall(SpringJUnit4ClassRunner.java:289)
	at org.junit.internal.runners.model.ReflectiveCallable.run(ReflectiveCallable.java:12)
	at org.springframework.test.context.junit4.SpringJUnit4ClassRunner.methodBlock(SpringJUnit4ClassRunner.java:291)
	at org.springframework.test.context.junit4.SpringJUnit4ClassRunner.runChild(SpringJUnit4ClassRunner.java:232)
	at org.springframework.test.context.junit4.SpringJUnit4ClassRunner.runChild(SpringJUnit4ClassRunner.java:89)
	at org.junit.runners.ParentRunner$3.run(ParentRunner.java:238)
	at org.junit.runners.ParentRunner$1.schedule(ParentRunner.java:63)
	at org.junit.runners.ParentRunner.runChildren(ParentRunner.java:236)
	at org.junit.runners.ParentRunner.access$000(ParentRunner.java:53)
	at org.junit.runners.ParentRunner$2.evaluate(ParentRunner.java:229)
	at org.springframework.test.context.junit4.statements.RunBeforeTestClassCallbacks.evaluate(RunBeforeTestClassCallbacks.java:61)
	at org.springframework.test.context.junit4.statements.RunAfterTestClassCallbacks.evaluate(RunAfterTestClassCallbacks.java:71)
	at org.junit.runners.ParentRunner.run(ParentRunner.java:309)
	at org.springframework.test.context.junit4.SpringJUnit4ClassRunner.run(SpringJUnit4ClassRunner.java:175)
	at org.eclipse.jdt.internal.junit4.runner.JUnit4TestReference.run(JUnit4TestReference.java:50)
	at org.eclipse.jdt.internal.junit.runner.TestExecution.run(TestExecution.java:38)
	at org.eclipse.jdt.internal.junit.runner.RemoteTestRunner.runTests(RemoteTestRunner.java:459)
	at org.eclipse.jdt.internal.junit.runner.RemoteTestRunner.runTests(RemoteTestRunner.java:675)
	at org.eclipse.jdt.internal.junit.runner.RemoteTestRunner.run(RemoteTestRunner.java:382)
	at org.eclipse.jdt.internal.junit.runner.RemoteTestRunner.main(RemoteTestRunner.java:192)
Caused by: org.springframework.beans.factory.BeanCreationException: Error creating bean with name 'sqlSessionFactory' defined in class path resource [spring-mybatis.xml]: Invocation of init method failed; nested exception is org.springframework.core.NestedIOException: Failed to parse mapping resource: 'file [E:\0114\workspace\AIDemo\target\classes\mappings\AiUserMapper.xml]'; nested exception is org.apache.ibatis.builder.BuilderException: Error parsing Mapper XML. Cause: org.apache.ibatis.cache.CacheException: Invalid base cache implementation (class com.paic.ai.redis.RedisCache).  Base cache implementations must have a constructor that takes a String id as a parameter.  Cause: java.lang.NoSuchMethodException: com.paic.ai.redis.RedisCache.<init>(java.lang.String)
	at org.springframework.beans.factory.support.AbstractAutowireCapableBeanFactory.initializeBean(AbstractAutowireCapableBeanFactory.java:1553)
	at org.springframework.beans.factory.support.AbstractAutowireCapableBeanFactory.doCreateBean(AbstractAutowireCapableBeanFactory.java:539)
	at org.springframework.beans.factory.support.AbstractAutowireCapableBeanFactory.createBean(AbstractAutowireCapableBeanFactory.java:475)
	at org.springframework.beans.factory.support.AbstractBeanFactory$1.getObject(AbstractBeanFactory.java:304)
	at org.springframework.beans.factory.support.DefaultSingletonBeanRegistry.getSingleton(DefaultSingletonBeanRegistry.java:228)
	at org.springframework.beans.factory.support.AbstractBeanFactory.doGetBean(AbstractBeanFactory.java:300)
	at org.springframework.beans.factory.support.AbstractBeanFactory.getBean(AbstractBeanFactory.java:195)
	at org.springframework.beans.factory.support.DefaultListableBeanFactory.preInstantiateSingletons(DefaultListableBeanFactory.java:681)
	at org.springframework.context.support.AbstractApplicationContext.finishBeanFactoryInitialization(AbstractApplicationContext.java:760)
	at org.springframework.context.support.AbstractApplicationContext.refresh(AbstractApplicationContext.java:482)
	at org.springframework.test.context.support.AbstractGenericContextLoader.loadContext(AbstractGenericContextLoader.java:121)
	at org.springframework.test.context.support.AbstractGenericContextLoader.loadContext(AbstractGenericContextLoader.java:60)
	at org.springframework.test.context.support.AbstractDelegatingSmartContextLoader.delegateLoading(AbstractDelegatingSmartContextLoader.java:100)
	at org.springframework.test.context.support.AbstractDelegatingSmartContextLoader.loadContext(AbstractDelegatingSmartContextLoader.java:250)
	at org.springframework.test.context.CacheAwareContextLoaderDelegate.loadContextInternal(CacheAwareContextLoaderDelegate.java:64)
	at org.springframework.test.context.CacheAwareContextLoaderDelegate.loadContext(CacheAwareContextLoaderDelegate.java:91)
	... 25 more
Caused by: org.springframework.core.NestedIOException: Failed to parse mapping resource: 'file [E:\0114\workspace\AIDemo\target\classes\mappings\AiUserMapper.xml]'; nested exception is org.apache.ibatis.builder.BuilderException: Error parsing Mapper XML. Cause: org.apache.ibatis.cache.CacheException: Invalid base cache implementation (class com.paic.ai.redis.RedisCache).  Base cache implementations must have a constructor that takes a String id as a parameter.  Cause: java.lang.NoSuchMethodException: com.paic.ai.redis.RedisCache.<init>(java.lang.String)
	at org.mybatis.spring.SqlSessionFactoryBean.buildSqlSessionFactory(SqlSessionFactoryBean.java:466)
	at org.mybatis.spring.SqlSessionFactoryBean.afterPropertiesSet(SqlSessionFactoryBean.java:340)
	at org.springframework.beans.factory.support.AbstractAutowireCapableBeanFactory.invokeInitMethods(AbstractAutowireCapableBeanFactory.java:1612)
	at org.springframework.beans.factory.support.AbstractAutowireCapableBeanFactory.initializeBean(AbstractAutowireCapableBeanFactory.java:1549)
	... 40 more
Caused by: org.apache.ibatis.builder.BuilderException: Error parsing Mapper XML. Cause: org.apache.ibatis.cache.CacheException: Invalid base cache implementation (class com.paic.ai.redis.RedisCache).  Base cache implementations must have a constructor that takes a String id as a parameter.  Cause: java.lang.NoSuchMethodException: com.paic.ai.redis.RedisCache.<init>(java.lang.String)
	at org.apache.ibatis.builder.xml.XMLMapperBuilder.configurationElement(XMLMapperBuilder.java:120)
	at org.apache.ibatis.builder.xml.XMLMapperBuilder.parse(XMLMapperBuilder.java:92)
	at org.mybatis.spring.SqlSessionFactoryBean.buildSqlSessionFactory(SqlSessionFactoryBean.java:464)
	... 43 more
Caused by: org.apache.ibatis.cache.CacheException: Invalid base cache implementation (class com.paic.ai.redis.RedisCache).  Base cache implementations must have a constructor that takes a String id as a parameter.  Cause: java.lang.NoSuchMethodException: com.paic.ai.redis.RedisCache.<init>(java.lang.String)
	at org.apache.ibatis.mapping.CacheBuilder.getBaseCacheConstructor(CacheBuilder.java:180)
	at org.apache.ibatis.mapping.CacheBuilder.newBaseCacheInstance(CacheBuilder.java:168)
	at org.apache.ibatis.mapping.CacheBuilder.build(CacheBuilder.java:86)
	at org.apache.ibatis.builder.MapperBuilderAssistant.useNewCache(MapperBuilderAssistant.java:124)
	at org.apache.ibatis.builder.xml.XMLMapperBuilder.cacheElement(XMLMapperBuilder.java:209)
	at org.apache.ibatis.builder.xml.XMLMapperBuilder.configurationElement(XMLMapperBuilder.java:114)
	... 45 more
Caused by: java.lang.NoSuchMethodException: com.paic.ai.redis.RedisCache.<init>(java.lang.String)
	at java.lang.Class.getConstructor0(Class.java:2810)
	at java.lang.Class.getConstructor(Class.java:1718)
	at org.apache.ibatis.mapping.CacheBuilder.getBaseCacheConstructor(CacheBuilder.java:178)
	... 50 more
[INFO] [2018-06-26 17:12:45][org.springframework.beans.factory.xml.XmlBeanDefinitionReader]Loading XML bean definitions from class path resource [spring-mybatis.xml]
[INFO] [2018-06-26 17:12:45][org.springframework.context.support.GenericApplicationContext]Refreshing org.springframework.context.support.GenericApplicationContext@10fdc382: startup date [Tue Jun 26 17:12:45 CST 2018]; root of context hierarchy
[INFO] [2018-06-26 17:12:46][org.springframework.beans.factory.config.PropertyPlaceholderConfigurer]Loading properties file from class path resource [jdbc.properties]
[INFO] [2018-06-26 17:12:46][org.springframework.beans.factory.annotation.AutowiredAnnotationBeanPostProcessor]JSR-330 'javax.inject.Inject' annotation found and supported for autowiring
[INFO] [2018-06-26 17:12:46][com.paic.ai.redis.RedisCache]查询结果存入缓存对应的缓存空间生成的名字cacheId：true.com.paic.ai.dao.AiUserMapper
[INFO] [2018-06-26 17:12:46][com.paic.ai.utils.JedisUtil]jedisUtil getInstence...
[INFO] [2018-06-26 17:12:47][com.paic.ai.redis.RedisCache]从缓存cacheId=true.com.paic.ai.dao.AiUserMapper中拿数据key=-2082204059:2949402268:com.paic.ai.dao.AiUserMapper.selectAll:0:2147483647:select id, user_name, password, age
    from ai_user的value
[ERROR] [2018-06-26 17:12:47][com.paic.ai.utils.JedisUtil]redis get 异常，【null】
[INFO] [2018-06-26 17:12:48][com.paic.ai.redis.RedisCache]NTSRedisCache putObject =true.com.paic.ai.dao.AiUserMapper
[INFO] [2018-06-26 17:12:48][com.paic.ai.utils.JedisUtil]redis put ... key=[-2082204059:2949402268:com.paic.ai.dao.AiUserMapper.selectAll:0:2147483647:select id, user_name, password, age
    from ai_user]
[ERROR] [2018-06-26 17:12:48][com.paic.ai.utils.JedisUtil]redis 执行序列化数据异常，【null】
[INFO] [2018-06-26 17:12:49][com.paic.ai.service.serviceImpl.IAIUserServiceImplTest][{"age":24,"id":1,"password":"1234","userName":"小张"}]
[INFO] [2018-06-26 17:12:49][org.springframework.context.support.GenericApplicationContext]Closing org.springframework.context.support.GenericApplicationContext@10fdc382: startup date [Tue Jun 26 17:12:45 CST 2018]; root of context hierarchy
[INFO] [2018-06-26 17:16:44][org.springframework.beans.factory.xml.XmlBeanDefinitionReader]Loading XML bean definitions from class path resource [spring-mybatis.xml]
[INFO] [2018-06-26 17:16:44][org.springframework.context.support.GenericApplicationContext]Refreshing org.springframework.context.support.GenericApplicationContext@e18a9e8: startup date [Tue Jun 26 17:16:44 CST 2018]; root of context hierarchy
[INFO] [2018-06-26 17:16:45][org.springframework.beans.factory.config.PropertyPlaceholderConfigurer]Loading properties file from class path resource [jdbc.properties]
[INFO] [2018-06-26 17:16:45][org.springframework.beans.factory.annotation.AutowiredAnnotationBeanPostProcessor]JSR-330 'javax.inject.Inject' annotation found and supported for autowiring
[INFO] [2018-06-26 17:16:45][com.paic.ai.redis.RedisCache]查询结果存入缓存对应的缓存空间生成的名字cacheId：SOA.com.paic.ai.dao.AiUserMapper
[INFO] [2018-06-26 17:16:45][com.paic.ai.utils.JedisUtil]jedisUtil getInstence...
[INFO] [2018-06-26 17:16:46][com.paic.ai.redis.RedisCache]从缓存cacheId=SOA.com.paic.ai.dao.AiUserMapper中拿数据key=-2082204059:2949402268:com.paic.ai.dao.AiUserMapper.selectAll:0:2147483647:select id, user_name, password, age
    from ai_user的value
[INFO] [2018-06-26 17:16:46][com.paic.ai.utils.JedisUtil]redis get ... key=[-2082204059:2949402268:com.paic.ai.dao.AiUserMapper.selectAll:0:2147483647:select id, user_name, password, age
    from ai_user],value=[null]
[INFO] [2018-06-26 17:16:46][com.paic.ai.redis.RedisCache]NTSRedisCache putObject =SOA.com.paic.ai.dao.AiUserMapper
[INFO] [2018-06-26 17:16:46][com.paic.ai.utils.JedisUtil]redis put ... key=[-2082204059:2949402268:com.paic.ai.dao.AiUserMapper.selectAll:0:2147483647:select id, user_name, password, age
    from ai_user]
[INFO] [2018-06-26 17:16:46][com.paic.ai.service.serviceImpl.IAIUserServiceImplTest][{"age":24,"id":1,"password":"1234","userName":"小张"}]
[INFO] [2018-06-26 17:16:46][org.springframework.context.support.GenericApplicationContext]Closing org.springframework.context.support.GenericApplicationContext@e18a9e8: startup date [Tue Jun 26 17:16:44 CST 2018]; root of context hierarchy
